<?xml version="1.0" encoding="UTF-8"?>
<!-- Generated by org.testng.reporters.JUnitXMLReporter -->
<testsuite ignored="4" hostname="DESKTOP-IK9NUMK" failures="0" tests="1" name="Default test" time="125.251" errors="0" timestamp="2021-11-18T13:10:25 PST">
  <testcase classname="sfdc.tests.Home" name="select_MyProfile_In_usermenu_TC06" time="117.07"/>
  <testcase classname="sfdc.tests.Home" name="select_Logout_In_usermenu_TC09" time="0.0">
    <ignored/>
  </testcase> <!-- select_Logout_In_usermenu_TC09 -->
  <testcase classname="sfdc.tests.Home" name="select_DevelopersConsole_In_usermenu_TC08" time="0.0">
    <ignored/>
  </testcase> <!-- select_DevelopersConsole_In_usermenu_TC08 -->
  <testcase classname="sfdc.tests.Home" name="select_MySettings_In_usermenu_TC07" time="0.0">
    <ignored/>
  </testcase> <!-- select_MySettings_In_usermenu_TC07 -->
  <testcase classname="sfdc.tests.Home" name="select_UserMenu_Dropdown_TC05" time="0.0">
    <ignored/>
  </testcase> <!-- select_UserMenu_Dropdown_TC05 -->
</testsuite> <!-- Default test -->
