<?xml version="1.0" encoding="UTF-8"?>
<testng-results ignored="0" total="0" passed="0" failed="0" skipped="0">
  <reporter-output>
  </reporter-output>
  <suite started-at="2021-11-06T15:07:17 PDT" name="Default suite" finished-at="2021-11-06T15:07:19 PDT" duration-ms="1271">
    <groups>
    </groups>
    <test started-at="2021-11-06T15:07:17 PDT" name="Default test" finished-at="2021-11-06T15:07:19 PDT" duration-ms="1271">
      <class name="parallelTest.CrossBrowserScript">
        <test-method is-config="true" signature="setup()[pri:0, instance:parallelTest.CrossBrowserScript@659499f1]" started-at="2021-11-06T15:07:06 PDT" name="setup" finished-at="2021-11-06T15:07:17 PDT" duration-ms="10917" status="PASS">
          <reporter-output>
          </reporter-output>
        </test-method> <!-- setup -->
        <test-method is-config="true" signature="launchApp()[pri:0, instance:parallelTest.CrossBrowserScript@659499f1]" started-at="2021-11-06T15:07:17 PDT" name="launchApp" finished-at="2021-11-06T15:07:19 PDT" duration-ms="1256" status="PASS">
          <reporter-output>
          </reporter-output>
        </test-method> <!-- launchApp -->
      </class> <!-- parallelTest.CrossBrowserScript -->
    </test> <!-- Default test -->
  </suite> <!-- Default suite -->
</testng-results>
